CRITICAL - 2023-05-31 02:04:31 --> Call to a member function getFilm() on null
in APPPATH\Controllers\Film.php on line 23.
 1 SYSTEMPATH\CodeIgniter.php(934): App\Controllers\Film->index()
 2 SYSTEMPATH\CodeIgniter.php(499): CodeIgniter\CodeIgniter->runController(Object(App\Controllers\Film))
 3 SYSTEMPATH\CodeIgniter.php(368): CodeIgniter\CodeIgniter->handleRequest(null, Object(Config\Cache), false)
 4 FCPATH\index.php(67): CodeIgniter\CodeIgniter->run()
 5 SYSTEMPATH\Commands\Server\rewrite.php(47): require_once('C:\\xampp\\htdocs\\CI4B\\public\\index.php')
CRITICAL - 2023-05-31 02:08:59 --> Call to a member function getFilm() on null
in APPPATH\Controllers\Film.php on line 23.
 1 SYSTEMPATH\CodeIgniter.php(934): App\Controllers\Film->index()
 2 SYSTEMPATH\CodeIgniter.php(499): CodeIgniter\CodeIgniter->runController(Object(App\Controllers\Film))
 3 SYSTEMPATH\CodeIgniter.php(368): CodeIgniter\CodeIgniter->handleRequest(null, Object(Config\Cache), false)
 4 FCPATH\index.php(67): CodeIgniter\CodeIgniter->run()
 5 SYSTEMPATH\Commands\Server\rewrite.php(47): require_once('C:\\xampp\\htdocs\\CI4B\\public\\index.php')
CRITICAL - 2023-05-31 02:09:00 --> Call to a member function getFilm() on null
in APPPATH\Controllers\Film.php on line 23.
 1 SYSTEMPATH\CodeIgniter.php(934): App\Controllers\Film->index()
 2 SYSTEMPATH\CodeIgniter.php(499): CodeIgniter\CodeIgniter->runController(Object(App\Controllers\Film))
 3 SYSTEMPATH\CodeIgniter.php(368): CodeIgniter\CodeIgniter->handleRequest(null, Object(Config\Cache), false)
 4 FCPATH\index.php(67): CodeIgniter\CodeIgniter->run()
 5 SYSTEMPATH\Commands\Server\rewrite.php(47): require_once('C:\\xampp\\htdocs\\CI4B\\public\\index.php')
CRITICAL - 2023-05-31 02:14:39 --> Call to a member function getFilm() on null
in APPPATH\Controllers\Film.php on line 23.
 1 SYSTEMPATH\CodeIgniter.php(934): App\Controllers\Film->index()
 2 SYSTEMPATH\CodeIgniter.php(499): CodeIgniter\CodeIgniter->runController(Object(App\Controllers\Film))
 3 SYSTEMPATH\CodeIgniter.php(368): CodeIgniter\CodeIgniter->handleRequest(null, Object(Config\Cache), false)
 4 FCPATH\index.php(67): CodeIgniter\CodeIgniter->run()
 5 SYSTEMPATH\Commands\Server\rewrite.php(47): require_once('C:\\xampp\\htdocs\\CI4B\\public\\index.php')
CRITICAL - 2023-05-31 02:16:36 --> Call to a member function getFilm() on null
in APPPATH\Controllers\Film.php on line 23.
 1 SYSTEMPATH\CodeIgniter.php(934): App\Controllers\Film->index()
 2 SYSTEMPATH\CodeIgniter.php(499): CodeIgniter\CodeIgniter->runController(Object(App\Controllers\Film))
 3 SYSTEMPATH\CodeIgniter.php(368): CodeIgniter\CodeIgniter->handleRequest(null, Object(Config\Cache), false)
 4 FCPATH\index.php(67): CodeIgniter\CodeIgniter->run()
 5 SYSTEMPATH\Commands\Server\rewrite.php(47): require_once('C:\\xampp\\htdocs\\CI4B\\public\\index.php')
CRITICAL - 2023-05-31 02:18:03 --> Call to a member function getFilm() on null
in APPPATH\Controllers\Film.php on line 23.
 1 SYSTEMPATH\CodeIgniter.php(934): App\Controllers\Film->index()
 2 SYSTEMPATH\CodeIgniter.php(499): CodeIgniter\CodeIgniter->runController(Object(App\Controllers\Film))
 3 SYSTEMPATH\CodeIgniter.php(368): CodeIgniter\CodeIgniter->handleRequest(null, Object(Config\Cache), false)
 4 FCPATH\index.php(67): CodeIgniter\CodeIgniter->run()
 5 SYSTEMPATH\Commands\Server\rewrite.php(47): require_once('C:\\xampp\\htdocs\\CI4B\\public\\index.php')
CRITICAL - 2023-05-31 02:18:49 --> Call to a member function getFilm() on null
in APPPATH\Controllers\Film.php on line 23.
 1 SYSTEMPATH\CodeIgniter.php(934): App\Controllers\Film->index()
 2 SYSTEMPATH\CodeIgniter.php(499): CodeIgniter\CodeIgniter->runController(Object(App\Controllers\Film))
 3 SYSTEMPATH\CodeIgniter.php(368): CodeIgniter\CodeIgniter->handleRequest(null, Object(Config\Cache), false)
 4 FCPATH\index.php(67): CodeIgniter\CodeIgniter->run()
 5 SYSTEMPATH\Commands\Server\rewrite.php(47): require_once('C:\\xampp\\htdocs\\CI4B\\public\\index.php')
CRITICAL - 2023-05-31 02:18:51 --> Call to a member function getFilm() on null
in APPPATH\Controllers\Film.php on line 23.
 1 SYSTEMPATH\CodeIgniter.php(934): App\Controllers\Film->index()
 2 SYSTEMPATH\CodeIgniter.php(499): CodeIgniter\CodeIgniter->runController(Object(App\Controllers\Film))
 3 SYSTEMPATH\CodeIgniter.php(368): CodeIgniter\CodeIgniter->handleRequest(null, Object(Config\Cache), false)
 4 FCPATH\index.php(67): CodeIgniter\CodeIgniter->run()
 5 SYSTEMPATH\Commands\Server\rewrite.php(47): require_once('C:\\xampp\\htdocs\\CI4B\\public\\index.php')
