CRITICAL - 2023-06-13 09:41:25 --> Class 'App\Controllers\GenreModel' not found
in APPPATH\Controllers\Genre.php on line 18.
 1 SYSTEMPATH\CodeIgniter.php(906): App\Controllers\Genre->__construct()
 2 SYSTEMPATH\CodeIgniter.php(490): CodeIgniter\CodeIgniter->createController()
 3 SYSTEMPATH\CodeIgniter.php(368): CodeIgniter\CodeIgniter->handleRequest(null, Object(Config\Cache), false)
 4 FCPATH\index.php(67): CodeIgniter\CodeIgniter->run()
 5 SYSTEMPATH\Commands\Server\rewrite.php(47): require_once('C:\\xampp\\htdocs\\CI4B\\public\\index.php')
CRITICAL - 2023-06-13 09:41:38 --> Class 'App\Controllers\GenreModel' not found
in APPPATH\Controllers\Genre.php on line 18.
 1 SYSTEMPATH\CodeIgniter.php(906): App\Controllers\Genre->__construct()
 2 SYSTEMPATH\CodeIgniter.php(490): CodeIgniter\CodeIgniter->createController()
 3 SYSTEMPATH\CodeIgniter.php(368): CodeIgniter\CodeIgniter->handleRequest(null, Object(Config\Cache), false)
 4 FCPATH\index.php(67): CodeIgniter\CodeIgniter->run()
 5 SYSTEMPATH\Commands\Server\rewrite.php(47): require_once('C:\\xampp\\htdocs\\CI4B\\public\\index.php')
CRITICAL - 2023-06-13 09:42:08 --> Class 'App\Models\GenreModel' not found
in APPPATH\Controllers\Genre.php on line 18.
 1 SYSTEMPATH\CodeIgniter.php(906): App\Controllers\Genre->__construct()
 2 SYSTEMPATH\CodeIgniter.php(490): CodeIgniter\CodeIgniter->createController()
 3 SYSTEMPATH\CodeIgniter.php(368): CodeIgniter\CodeIgniter->handleRequest(null, Object(Config\Cache), false)
 4 FCPATH\index.php(67): CodeIgniter\CodeIgniter->run()
 5 SYSTEMPATH\Commands\Server\rewrite.php(47): require_once('C:\\xampp\\htdocs\\CI4B\\public\\index.php')
CRITICAL - 2023-06-13 09:42:47 --> Undefined index: cover
in APPPATH\Views\genre\semuagenre.php on line 22.
 1 APPPATH\Views\genre\semuagenre.php(22): CodeIgniter\Debug\Exceptions->errorHandler(8, 'Undefined index: cover', 'C:\\xampp\\htdocs\\CI4B\\app\\Views\\genre\\semuagenre.php', 22, [...])
 2 SYSTEMPATH\View\View.php(213): include('C:\\xampp\\htdocs\\CI4B\\app\\Views\\genre\\semuagenre.php')
 3 SYSTEMPATH\View\View.php(216): CodeIgniter\View\View->CodeIgniter\View\{closure}()
 4 SYSTEMPATH\Common.php(1184): CodeIgniter\View\View->render('genre/semuagenre', [], true)
 5 APPPATH\Controllers\Genre.php(29): view('genre/semuagenre', [...])
 6 SYSTEMPATH\CodeIgniter.php(934): App\Controllers\Genre->all()
 7 SYSTEMPATH\CodeIgniter.php(499): CodeIgniter\CodeIgniter->runController(Object(App\Controllers\Genre))
 8 SYSTEMPATH\CodeIgniter.php(368): CodeIgniter\CodeIgniter->handleRequest(null, Object(Config\Cache), false)
 9 FCPATH\index.php(67): CodeIgniter\CodeIgniter->run()
10 SYSTEMPATH\Commands\Server\rewrite.php(47): require_once('C:\\xampp\\htdocs\\CI4B\\public\\index.php')
CRITICAL - 2023-06-13 09:45:56 --> Undefined property: App\Controllers\Genre::$film
in APPPATH\Controllers\Genre.php on line 23.
 1 APPPATH\Controllers\Genre.php(23): CodeIgniter\Debug\Exceptions->errorHandler(8, 'Undefined property: App\\Controllers\\Genre::$film', 'C:\\xampp\\htdocs\\CI4B\\app\\Controllers\\Genre.php', 23, [])
 2 SYSTEMPATH\CodeIgniter.php(934): App\Controllers\Genre->index()
 3 SYSTEMPATH\CodeIgniter.php(499): CodeIgniter\CodeIgniter->runController(Object(App\Controllers\Genre))
 4 SYSTEMPATH\CodeIgniter.php(368): CodeIgniter\CodeIgniter->handleRequest(null, Object(Config\Cache), false)
 5 FCPATH\index.php(67): CodeIgniter\CodeIgniter->run()
 6 SYSTEMPATH\Commands\Server\rewrite.php(47): require_once('C:\\xampp\\htdocs\\CI4B\\public\\index.php')
CRITICAL - 2023-06-13 10:08:58 --> Undefined index: genre
in APPPATH\Views\film\semuafilm.php on line 26.
 1 APPPATH\Views\film\semuafilm.php(26): CodeIgniter\Debug\Exceptions->errorHandler(8, 'Undefined index: genre', 'C:\\xampp\\htdocs\\CI4B\\app\\Views\\film\\semuafilm.php', 26, [...])
 2 SYSTEMPATH\View\View.php(213): include('C:\\xampp\\htdocs\\CI4B\\app\\Views\\film\\semuafilm.php')
 3 SYSTEMPATH\View\View.php(216): CodeIgniter\View\View->CodeIgniter\View\{closure}()
 4 SYSTEMPATH\Common.php(1184): CodeIgniter\View\View->render('film/semuafilm', [], true)
 5 APPPATH\Controllers\Film.php(29): view('film/semuafilm', [...])
 6 SYSTEMPATH\CodeIgniter.php(934): App\Controllers\Film->all()
 7 SYSTEMPATH\CodeIgniter.php(499): CodeIgniter\CodeIgniter->runController(Object(App\Controllers\Film))
 8 SYSTEMPATH\CodeIgniter.php(368): CodeIgniter\CodeIgniter->handleRequest(null, Object(Config\Cache), false)
 9 FCPATH\index.php(67): CodeIgniter\CodeIgniter->run()
10 SYSTEMPATH\Commands\Server\rewrite.php(47): require_once('C:\\xampp\\htdocs\\CI4B\\public\\index.php')
CRITICAL - 2023-06-13 10:20:29 --> Undefined index: genre
in APPPATH\Views\film\semuafilm.php on line 26.
 1 APPPATH\Views\film\semuafilm.php(26): CodeIgniter\Debug\Exceptions->errorHandler(8, 'Undefined index: genre', 'C:\\xampp\\htdocs\\CI4B\\app\\Views\\film\\semuafilm.php', 26, [...])
 2 SYSTEMPATH\View\View.php(213): include('C:\\xampp\\htdocs\\CI4B\\app\\Views\\film\\semuafilm.php')
 3 SYSTEMPATH\View\View.php(216): CodeIgniter\View\View->CodeIgniter\View\{closure}()
 4 SYSTEMPATH\Common.php(1184): CodeIgniter\View\View->render('film/semuafilm', [], true)
 5 APPPATH\Controllers\Film.php(29): view('film/semuafilm', [...])
 6 SYSTEMPATH\CodeIgniter.php(934): App\Controllers\Film->all()
 7 SYSTEMPATH\CodeIgniter.php(499): CodeIgniter\CodeIgniter->runController(Object(App\Controllers\Film))
 8 SYSTEMPATH\CodeIgniter.php(368): CodeIgniter\CodeIgniter->handleRequest(null, Object(Config\Cache), false)
 9 FCPATH\index.php(67): CodeIgniter\CodeIgniter->run()
10 SYSTEMPATH\Commands\Server\rewrite.php(47): require_once('C:\\xampp\\htdocs\\CI4B\\public\\index.php')
CRITICAL - 2023-06-13 10:46:33 --> Undefined index: genre
in APPPATH\Views\film\semuafilm.php on line 26.
 1 APPPATH\Views\film\semuafilm.php(26): CodeIgniter\Debug\Exceptions->errorHandler(8, 'Undefined index: genre', 'C:\\xampp\\htdocs\\CI4B\\app\\Views\\film\\semuafilm.php', 26, [...])
 2 SYSTEMPATH\View\View.php(213): include('C:\\xampp\\htdocs\\CI4B\\app\\Views\\film\\semuafilm.php')
 3 SYSTEMPATH\View\View.php(216): CodeIgniter\View\View->CodeIgniter\View\{closure}()
 4 SYSTEMPATH\Common.php(1184): CodeIgniter\View\View->render('film/semuafilm', [], true)
 5 APPPATH\Controllers\Film.php(29): view('film/semuafilm', [...])
 6 SYSTEMPATH\CodeIgniter.php(934): App\Controllers\Film->all()
 7 SYSTEMPATH\CodeIgniter.php(499): CodeIgniter\CodeIgniter->runController(Object(App\Controllers\Film))
 8 SYSTEMPATH\CodeIgniter.php(368): CodeIgniter\CodeIgniter->handleRequest(null, Object(Config\Cache), false)
 9 FCPATH\index.php(67): CodeIgniter\CodeIgniter->run()
10 SYSTEMPATH\Commands\Server\rewrite.php(47): require_once('C:\\xampp\\htdocs\\CI4B\\public\\index.php')
CRITICAL - 2023-06-13 11:03:09 --> Undefined index: genre
in APPPATH\Views\film\semuafilm.php on line 26.
 1 APPPATH\Views\film\semuafilm.php(26): CodeIgniter\Debug\Exceptions->errorHandler(8, 'Undefined index: genre', 'C:\\xampp\\htdocs\\CI4B\\app\\Views\\film\\semuafilm.php', 26, [...])
 2 SYSTEMPATH\View\View.php(213): include('C:\\xampp\\htdocs\\CI4B\\app\\Views\\film\\semuafilm.php')
 3 SYSTEMPATH\View\View.php(216): CodeIgniter\View\View->CodeIgniter\View\{closure}()
 4 SYSTEMPATH\Common.php(1184): CodeIgniter\View\View->render('film/semuafilm', [], true)
 5 APPPATH\Controllers\Film.php(29): view('film/semuafilm', [...])
 6 SYSTEMPATH\CodeIgniter.php(934): App\Controllers\Film->all()
 7 SYSTEMPATH\CodeIgniter.php(499): CodeIgniter\CodeIgniter->runController(Object(App\Controllers\Film))
 8 SYSTEMPATH\CodeIgniter.php(368): CodeIgniter\CodeIgniter->handleRequest(null, Object(Config\Cache), false)
 9 FCPATH\index.php(67): CodeIgniter\CodeIgniter->run()
10 SYSTEMPATH\Commands\Server\rewrite.php(47): require_once('C:\\xampp\\htdocs\\CI4B\\public\\index.php')
CRITICAL - 2023-06-13 11:04:48 --> Undefined index: genre
in APPPATH\Views\film\semuafilm.php on line 26.
 1 APPPATH\Views\film\semuafilm.php(26): CodeIgniter\Debug\Exceptions->errorHandler(8, 'Undefined index: genre', 'C:\\xampp\\htdocs\\CI4B\\app\\Views\\film\\semuafilm.php', 26, [...])
 2 SYSTEMPATH\View\View.php(213): include('C:\\xampp\\htdocs\\CI4B\\app\\Views\\film\\semuafilm.php')
 3 SYSTEMPATH\View\View.php(216): CodeIgniter\View\View->CodeIgniter\View\{closure}()
 4 SYSTEMPATH\Common.php(1184): CodeIgniter\View\View->render('film/semuafilm', [], true)
 5 APPPATH\Controllers\Film.php(29): view('film/semuafilm', [...])
 6 SYSTEMPATH\CodeIgniter.php(934): App\Controllers\Film->all()
 7 SYSTEMPATH\CodeIgniter.php(499): CodeIgniter\CodeIgniter->runController(Object(App\Controllers\Film))
 8 SYSTEMPATH\CodeIgniter.php(368): CodeIgniter\CodeIgniter->handleRequest(null, Object(Config\Cache), false)
 9 FCPATH\index.php(67): CodeIgniter\CodeIgniter->run()
10 SYSTEMPATH\Commands\Server\rewrite.php(47): require_once('C:\\xampp\\htdocs\\CI4B\\public\\index.php')
CRITICAL - 2023-06-13 11:04:50 --> Undefined index: genre
in APPPATH\Views\film\semuafilm.php on line 26.
 1 APPPATH\Views\film\semuafilm.php(26): CodeIgniter\Debug\Exceptions->errorHandler(8, 'Undefined index: genre', 'C:\\xampp\\htdocs\\CI4B\\app\\Views\\film\\semuafilm.php', 26, [...])
 2 SYSTEMPATH\View\View.php(213): include('C:\\xampp\\htdocs\\CI4B\\app\\Views\\film\\semuafilm.php')
 3 SYSTEMPATH\View\View.php(216): CodeIgniter\View\View->CodeIgniter\View\{closure}()
 4 SYSTEMPATH\Common.php(1184): CodeIgniter\View\View->render('film/semuafilm', [], true)
 5 APPPATH\Controllers\Film.php(29): view('film/semuafilm', [...])
 6 SYSTEMPATH\CodeIgniter.php(934): App\Controllers\Film->all()
 7 SYSTEMPATH\CodeIgniter.php(499): CodeIgniter\CodeIgniter->runController(Object(App\Controllers\Film))
 8 SYSTEMPATH\CodeIgniter.php(368): CodeIgniter\CodeIgniter->handleRequest(null, Object(Config\Cache), false)
 9 FCPATH\index.php(67): CodeIgniter\CodeIgniter->run()
10 SYSTEMPATH\Commands\Server\rewrite.php(47): require_once('C:\\xampp\\htdocs\\CI4B\\public\\index.php')
CRITICAL - 2023-06-13 11:06:28 --> Undefined index: genre
in APPPATH\Views\film\semuafilm.php on line 26.
 1 APPPATH\Views\film\semuafilm.php(26): CodeIgniter\Debug\Exceptions->errorHandler(8, 'Undefined index: genre', 'C:\\xampp\\htdocs\\CI4B\\app\\Views\\film\\semuafilm.php', 26, [...])
 2 SYSTEMPATH\View\View.php(213): include('C:\\xampp\\htdocs\\CI4B\\app\\Views\\film\\semuafilm.php')
 3 SYSTEMPATH\View\View.php(216): CodeIgniter\View\View->CodeIgniter\View\{closure}()
 4 SYSTEMPATH\Common.php(1184): CodeIgniter\View\View->render('film/semuafilm', [], true)
 5 APPPATH\Controllers\Film.php(29): view('film/semuafilm', [...])
 6 SYSTEMPATH\CodeIgniter.php(934): App\Controllers\Film->all()
 7 SYSTEMPATH\CodeIgniter.php(499): CodeIgniter\CodeIgniter->runController(Object(App\Controllers\Film))
 8 SYSTEMPATH\CodeIgniter.php(368): CodeIgniter\CodeIgniter->handleRequest(null, Object(Config\Cache), false)
 9 FCPATH\index.php(67): CodeIgniter\CodeIgniter->run()
10 SYSTEMPATH\Commands\Server\rewrite.php(47): require_once('C:\\xampp\\htdocs\\CI4B\\public\\index.php')
CRITICAL - 2023-06-13 11:06:29 --> Undefined index: genre
in APPPATH\Views\film\semuafilm.php on line 26.
 1 APPPATH\Views\film\semuafilm.php(26): CodeIgniter\Debug\Exceptions->errorHandler(8, 'Undefined index: genre', 'C:\\xampp\\htdocs\\CI4B\\app\\Views\\film\\semuafilm.php', 26, [...])
 2 SYSTEMPATH\View\View.php(213): include('C:\\xampp\\htdocs\\CI4B\\app\\Views\\film\\semuafilm.php')
 3 SYSTEMPATH\View\View.php(216): CodeIgniter\View\View->CodeIgniter\View\{closure}()
 4 SYSTEMPATH\Common.php(1184): CodeIgniter\View\View->render('film/semuafilm', [], true)
 5 APPPATH\Controllers\Film.php(29): view('film/semuafilm', [...])
 6 SYSTEMPATH\CodeIgniter.php(934): App\Controllers\Film->all()
 7 SYSTEMPATH\CodeIgniter.php(499): CodeIgniter\CodeIgniter->runController(Object(App\Controllers\Film))
 8 SYSTEMPATH\CodeIgniter.php(368): CodeIgniter\CodeIgniter->handleRequest(null, Object(Config\Cache), false)
 9 FCPATH\index.php(67): CodeIgniter\CodeIgniter->run()
10 SYSTEMPATH\Commands\Server\rewrite.php(47): require_once('C:\\xampp\\htdocs\\CI4B\\public\\index.php')
CRITICAL - 2023-06-13 11:10:38 --> Call to a member function getallData() on null
in APPPATH\Controllers\Genre.php on line 28.
 1 SYSTEMPATH\CodeIgniter.php(934): App\Controllers\Genre->all()
 2 SYSTEMPATH\CodeIgniter.php(499): CodeIgniter\CodeIgniter->runController(Object(App\Controllers\Genre))
 3 SYSTEMPATH\CodeIgniter.php(368): CodeIgniter\CodeIgniter->handleRequest(null, Object(Config\Cache), false)
 4 FCPATH\index.php(67): CodeIgniter\CodeIgniter->run()
 5 SYSTEMPATH\Commands\Server\rewrite.php(47): require_once('C:\\xampp\\htdocs\\CI4B\\public\\index.php')
CRITICAL - 2023-06-13 12:01:22 --> Undefined property: App\Controllers\Genre::$film
in APPPATH\Controllers\Genre.php on line 23.
 1 APPPATH\Controllers\Genre.php(23): CodeIgniter\Debug\Exceptions->errorHandler(8, 'Undefined property: App\\Controllers\\Genre::$film', 'C:\\xampp\\htdocs\\CI4B\\app\\Controllers\\Genre.php', 23, [])
 2 SYSTEMPATH\CodeIgniter.php(934): App\Controllers\Genre->index()
 3 SYSTEMPATH\CodeIgniter.php(499): CodeIgniter\CodeIgniter->runController(Object(App\Controllers\Genre))
 4 SYSTEMPATH\CodeIgniter.php(368): CodeIgniter\CodeIgniter->handleRequest(null, Object(Config\Cache), false)
 5 FCPATH\index.php(67): CodeIgniter\CodeIgniter->run()
 6 SYSTEMPATH\Commands\Server\rewrite.php(47): require_once('C:\\xampp\\htdocs\\CI4B\\public\\index.php')
CRITICAL - 2023-06-13 12:02:14 --> Undefined property: App\Controllers\Genre::$film
in APPPATH\Controllers\Genre.php on line 45.
 1 APPPATH\Controllers\Genre.php(45): CodeIgniter\Debug\Exceptions->errorHandler(8, 'Undefined property: App\\Controllers\\Genre::$film', 'C:\\xampp\\htdocs\\CI4B\\app\\Controllers\\Genre.php', 45, [])
 2 SYSTEMPATH\CodeIgniter.php(934): App\Controllers\Genre->film_limit_Four()
 3 SYSTEMPATH\CodeIgniter.php(499): CodeIgniter\CodeIgniter->runController(Object(App\Controllers\Genre))
 4 SYSTEMPATH\CodeIgniter.php(368): CodeIgniter\CodeIgniter->handleRequest(null, Object(Config\Cache), false)
 5 FCPATH\index.php(67): CodeIgniter\CodeIgniter->run()
 6 SYSTEMPATH\Commands\Server\rewrite.php(47): require_once('C:\\xampp\\htdocs\\CI4B\\public\\index.php')
ERROR - 2023-06-13 14:01:16 --> mysqli_sql_exception: Unknown column 'genre' in 'where clause' in C:\xampp\htdocs\CI4B\vendor\codeigniter4\framework\system\Database\MySQLi\Connection.php:295
Stack trace:
#0 C:\xampp\htdocs\CI4B\vendor\codeigniter4\framework\system\Database\MySQLi\Connection.php(295): mysqli->query('SELECT *\nFROM `...', 0)
#1 C:\xampp\htdocs\CI4B\vendor\codeigniter4\framework\system\Database\BaseConnection.php(692): CodeIgniter\Database\MySQLi\Connection->execute('SELECT *\nFROM `...')
#2 C:\xampp\htdocs\CI4B\vendor\codeigniter4\framework\system\Database\BaseConnection.php(606): CodeIgniter\Database\BaseConnection->simpleQuery('SELECT *\nFROM `...')
#3 C:\xampp\htdocs\CI4B\vendor\codeigniter4\framework\system\Database\BaseBuilder.php(1616): CodeIgniter\Database\BaseConnection->query('SELECT *\nFROM `...', Array, false)
#4 C:\xampp\htdocs\CI4B\vendor\codeigniter4\framework\system\Model.php(241): CodeIgniter\Database\BaseBuilder->get()
#5 C:\xampp\htdocs\CI4B\vendor\codeigniter4\framework\system\BaseModel.php(618): CodeIgniter\Model->doFindAll(0, 0)
#6 C:\xampp\htdocs\CI4B\app\Models\FilmModel.php(58): CodeIgniter\BaseModel->findAll()
#7 C:\xampp\htdocs\CI4B\app\Controllers\Film.php(37): App\Models\FilmModel->getDataBy('komedi')
#8 C:\xampp\htdocs\CI4B\vendor\codeigniter4\framework\system\CodeIgniter.php(934): App\Controllers\Film->film_by_genre()
#9 C:\xampp\htdocs\CI4B\vendor\codeigniter4\framework\system\CodeIgniter.php(499): CodeIgniter\CodeIgniter->runController(Object(App\Controllers\Film))
#10 C:\xampp\htdocs\CI4B\vendor\codeigniter4\framework\system\CodeIgniter.php(368): CodeIgniter\CodeIgniter->handleRequest(NULL, Object(Config\Cache), false)
#11 C:\xampp\htdocs\CI4B\public\index.php(67): CodeIgniter\CodeIgniter->run()
#12 C:\xampp\htdocs\CI4B\vendor\codeigniter4\framework\system\Commands\Server\rewrite.php(47): require_once('C:\\xampp\\htdocs...')
#13 {main}
CRITICAL - 2023-06-13 14:01:18 --> Unknown column 'genre' in 'where clause'
in SYSTEMPATH\Database\MySQLi\Connection.php on line 295.
 1 SYSTEMPATH\Database\MySQLi\Connection.php(295): mysqli->query('SELECT *
FROM `film`
WHERE `genre` = \'komedi\'', 0)
 2 SYSTEMPATH\Database\BaseConnection.php(692): CodeIgniter\Database\MySQLi\Connection->execute('SELECT *
FROM `film`
WHERE `genre` = \'komedi\'')
 3 SYSTEMPATH\Database\BaseConnection.php(606): CodeIgniter\Database\BaseConnection->simpleQuery('SELECT *
FROM `film`
WHERE `genre` = \'komedi\'')
 4 SYSTEMPATH\Database\BaseBuilder.php(1616): CodeIgniter\Database\BaseConnection->query('SELECT *
FROM `film`
WHERE `genre` = :genre:', [...], false)
 5 SYSTEMPATH\Model.php(241): CodeIgniter\Database\BaseBuilder->get()
 6 SYSTEMPATH\BaseModel.php(618): CodeIgniter\Model->doFindAll(0, 0)
 7 APPPATH\Models\FilmModel.php(58): CodeIgniter\BaseModel->findAll()
 8 APPPATH\Controllers\Film.php(37): App\Models\FilmModel->getDataBy('komedi')
 9 SYSTEMPATH\CodeIgniter.php(934): App\Controllers\Film->film_by_genre()
10 SYSTEMPATH\CodeIgniter.php(499): CodeIgniter\CodeIgniter->runController(Object(App\Controllers\Film))
11 SYSTEMPATH\CodeIgniter.php(368): CodeIgniter\CodeIgniter->handleRequest(null, Object(Config\Cache), false)
12 FCPATH\index.php(67): CodeIgniter\CodeIgniter->run()
13 SYSTEMPATH\Commands\Server\rewrite.php(47): require_once('C:\\xampp\\htdocs\\CI4B\\public\\index.php')
ERROR - 2023-06-13 14:04:27 --> mysqli_sql_exception: Unknown column 'genre' in 'where clause' in C:\xampp\htdocs\CI4B\vendor\codeigniter4\framework\system\Database\MySQLi\Connection.php:295
Stack trace:
#0 C:\xampp\htdocs\CI4B\vendor\codeigniter4\framework\system\Database\MySQLi\Connection.php(295): mysqli->query('SELECT *\nFROM `...', 0)
#1 C:\xampp\htdocs\CI4B\vendor\codeigniter4\framework\system\Database\BaseConnection.php(692): CodeIgniter\Database\MySQLi\Connection->execute('SELECT *\nFROM `...')
#2 C:\xampp\htdocs\CI4B\vendor\codeigniter4\framework\system\Database\BaseConnection.php(606): CodeIgniter\Database\BaseConnection->simpleQuery('SELECT *\nFROM `...')
#3 C:\xampp\htdocs\CI4B\vendor\codeigniter4\framework\system\Database\BaseBuilder.php(1616): CodeIgniter\Database\BaseConnection->query('SELECT *\nFROM `...', Array, false)
#4 C:\xampp\htdocs\CI4B\vendor\codeigniter4\framework\system\Model.php(241): CodeIgniter\Database\BaseBuilder->get()
#5 C:\xampp\htdocs\CI4B\vendor\codeigniter4\framework\system\BaseModel.php(618): CodeIgniter\Model->doFindAll(0, 0)
#6 C:\xampp\htdocs\CI4B\app\Models\FilmModel.php(58): CodeIgniter\BaseModel->findAll()
#7 C:\xampp\htdocs\CI4B\app\Controllers\Film.php(37): App\Models\FilmModel->getDataBy('komedi')
#8 C:\xampp\htdocs\CI4B\vendor\codeigniter4\framework\system\CodeIgniter.php(934): App\Controllers\Film->film_by_genre()
#9 C:\xampp\htdocs\CI4B\vendor\codeigniter4\framework\system\CodeIgniter.php(499): CodeIgniter\CodeIgniter->runController(Object(App\Controllers\Film))
#10 C:\xampp\htdocs\CI4B\vendor\codeigniter4\framework\system\CodeIgniter.php(368): CodeIgniter\CodeIgniter->handleRequest(NULL, Object(Config\Cache), false)
#11 C:\xampp\htdocs\CI4B\public\index.php(67): CodeIgniter\CodeIgniter->run()
#12 C:\xampp\htdocs\CI4B\vendor\codeigniter4\framework\system\Commands\Server\rewrite.php(47): require_once('C:\\xampp\\htdocs...')
#13 {main}
CRITICAL - 2023-06-13 14:04:27 --> Unknown column 'genre' in 'where clause'
in SYSTEMPATH\Database\MySQLi\Connection.php on line 295.
 1 SYSTEMPATH\Database\MySQLi\Connection.php(295): mysqli->query('SELECT *
FROM `film`
WHERE `genre` = \'komedi\'', 0)
 2 SYSTEMPATH\Database\BaseConnection.php(692): CodeIgniter\Database\MySQLi\Connection->execute('SELECT *
FROM `film`
WHERE `genre` = \'komedi\'')
 3 SYSTEMPATH\Database\BaseConnection.php(606): CodeIgniter\Database\BaseConnection->simpleQuery('SELECT *
FROM `film`
WHERE `genre` = \'komedi\'')
 4 SYSTEMPATH\Database\BaseBuilder.php(1616): CodeIgniter\Database\BaseConnection->query('SELECT *
FROM `film`
WHERE `genre` = :genre:', [...], false)
 5 SYSTEMPATH\Model.php(241): CodeIgniter\Database\BaseBuilder->get()
 6 SYSTEMPATH\BaseModel.php(618): CodeIgniter\Model->doFindAll(0, 0)
 7 APPPATH\Models\FilmModel.php(58): CodeIgniter\BaseModel->findAll()
 8 APPPATH\Controllers\Film.php(37): App\Models\FilmModel->getDataBy('komedi')
 9 SYSTEMPATH\CodeIgniter.php(934): App\Controllers\Film->film_by_genre()
10 SYSTEMPATH\CodeIgniter.php(499): CodeIgniter\CodeIgniter->runController(Object(App\Controllers\Film))
11 SYSTEMPATH\CodeIgniter.php(368): CodeIgniter\CodeIgniter->handleRequest(null, Object(Config\Cache), false)
12 FCPATH\index.php(67): CodeIgniter\CodeIgniter->run()
13 SYSTEMPATH\Commands\Server\rewrite.php(47): require_once('C:\\xampp\\htdocs\\CI4B\\public\\index.php')
ERROR - 2023-06-13 14:05:07 --> mysqli_sql_exception: Unknown column 'genre' in 'where clause' in C:\xampp\htdocs\CI4B\vendor\codeigniter4\framework\system\Database\MySQLi\Connection.php:295
Stack trace:
#0 C:\xampp\htdocs\CI4B\vendor\codeigniter4\framework\system\Database\MySQLi\Connection.php(295): mysqli->query('SELECT *\nFROM `...', 0)
#1 C:\xampp\htdocs\CI4B\vendor\codeigniter4\framework\system\Database\BaseConnection.php(692): CodeIgniter\Database\MySQLi\Connection->execute('SELECT *\nFROM `...')
#2 C:\xampp\htdocs\CI4B\vendor\codeigniter4\framework\system\Database\BaseConnection.php(606): CodeIgniter\Database\BaseConnection->simpleQuery('SELECT *\nFROM `...')
#3 C:\xampp\htdocs\CI4B\vendor\codeigniter4\framework\system\Database\BaseBuilder.php(1616): CodeIgniter\Database\BaseConnection->query('SELECT *\nFROM `...', Array, false)
#4 C:\xampp\htdocs\CI4B\vendor\codeigniter4\framework\system\Model.php(241): CodeIgniter\Database\BaseBuilder->get()
#5 C:\xampp\htdocs\CI4B\vendor\codeigniter4\framework\system\BaseModel.php(618): CodeIgniter\Model->doFindAll(0, 0)
#6 C:\xampp\htdocs\CI4B\app\Models\FilmModel.php(58): CodeIgniter\BaseModel->findAll()
#7 C:\xampp\htdocs\CI4B\app\Controllers\Film.php(37): App\Models\FilmModel->getDataBy('komedi')
#8 C:\xampp\htdocs\CI4B\vendor\codeigniter4\framework\system\CodeIgniter.php(934): App\Controllers\Film->film_by_genre()
#9 C:\xampp\htdocs\CI4B\vendor\codeigniter4\framework\system\CodeIgniter.php(499): CodeIgniter\CodeIgniter->runController(Object(App\Controllers\Film))
#10 C:\xampp\htdocs\CI4B\vendor\codeigniter4\framework\system\CodeIgniter.php(368): CodeIgniter\CodeIgniter->handleRequest(NULL, Object(Config\Cache), false)
#11 C:\xampp\htdocs\CI4B\public\index.php(67): CodeIgniter\CodeIgniter->run()
#12 C:\xampp\htdocs\CI4B\vendor\codeigniter4\framework\system\Commands\Server\rewrite.php(47): require_once('C:\\xampp\\htdocs...')
#13 {main}
CRITICAL - 2023-06-13 14:05:07 --> Unknown column 'genre' in 'where clause'
in SYSTEMPATH\Database\MySQLi\Connection.php on line 295.
 1 SYSTEMPATH\Database\MySQLi\Connection.php(295): mysqli->query('SELECT *
FROM `film`
WHERE `genre` = \'komedi\'', 0)
 2 SYSTEMPATH\Database\BaseConnection.php(692): CodeIgniter\Database\MySQLi\Connection->execute('SELECT *
FROM `film`
WHERE `genre` = \'komedi\'')
 3 SYSTEMPATH\Database\BaseConnection.php(606): CodeIgniter\Database\BaseConnection->simpleQuery('SELECT *
FROM `film`
WHERE `genre` = \'komedi\'')
 4 SYSTEMPATH\Database\BaseBuilder.php(1616): CodeIgniter\Database\BaseConnection->query('SELECT *
FROM `film`
WHERE `genre` = :genre:', [...], false)
 5 SYSTEMPATH\Model.php(241): CodeIgniter\Database\BaseBuilder->get()
 6 SYSTEMPATH\BaseModel.php(618): CodeIgniter\Model->doFindAll(0, 0)
 7 APPPATH\Models\FilmModel.php(58): CodeIgniter\BaseModel->findAll()
 8 APPPATH\Controllers\Film.php(37): App\Models\FilmModel->getDataBy('komedi')
 9 SYSTEMPATH\CodeIgniter.php(934): App\Controllers\Film->film_by_genre()
10 SYSTEMPATH\CodeIgniter.php(499): CodeIgniter\CodeIgniter->runController(Object(App\Controllers\Film))
11 SYSTEMPATH\CodeIgniter.php(368): CodeIgniter\CodeIgniter->handleRequest(null, Object(Config\Cache), false)
12 FCPATH\index.php(67): CodeIgniter\CodeIgniter->run()
13 SYSTEMPATH\Commands\Server\rewrite.php(47): require_once('C:\\xampp\\htdocs\\CI4B\\public\\index.php')
CRITICAL - 2023-06-13 14:28:15 --> Undefined index: id_genre
in APPPATH\Views\film\semuafilm.php on line 26.
 1 APPPATH\Views\film\semuafilm.php(26): CodeIgniter\Debug\Exceptions->errorHandler(8, 'Undefined index: id_genre', 'C:\\xampp\\htdocs\\CI4B\\app\\Views\\film\\semuafilm.php', 26, [...])
 2 SYSTEMPATH\View\View.php(213): include('C:\\xampp\\htdocs\\CI4B\\app\\Views\\film\\semuafilm.php')
 3 SYSTEMPATH\View\View.php(216): CodeIgniter\View\View->CodeIgniter\View\{closure}()
 4 SYSTEMPATH\Common.php(1184): CodeIgniter\View\View->render('film/semuafilm', [], true)
 5 APPPATH\Controllers\Film.php(29): view('film/semuafilm', [...])
 6 SYSTEMPATH\CodeIgniter.php(934): App\Controllers\Film->all()
 7 SYSTEMPATH\CodeIgniter.php(499): CodeIgniter\CodeIgniter->runController(Object(App\Controllers\Film))
 8 SYSTEMPATH\CodeIgniter.php(368): CodeIgniter\CodeIgniter->handleRequest(null, Object(Config\Cache), false)
 9 FCPATH\index.php(67): CodeIgniter\CodeIgniter->run()
10 SYSTEMPATH\Commands\Server\rewrite.php(47): require_once('C:\\xampp\\htdocs\\CI4B\\public\\index.php')
