CRITICAL - 2023-06-07 02:33:37 --> Too few arguments to function App\Models\FilmModel::getDataById(), 0 passed in C:\xampp\htdocs\CI4B\app\Controllers\Film.php on line 32 and exactly 1 expected
in APPPATH\Models\FilmModel.php on line 53.
 1 APPPATH\Controllers\Film.php(32): App\Models\FilmModel->getDataById()
 2 SYSTEMPATH\CodeIgniter.php(934): App\Controllers\Film->file_by_id()
 3 SYSTEMPATH\CodeIgniter.php(499): CodeIgniter\CodeIgniter->runController(Object(App\Controllers\Film))
 4 SYSTEMPATH\CodeIgniter.php(368): CodeIgniter\CodeIgniter->handleRequest(null, Object(Config\Cache), false)
 5 FCPATH\index.php(67): CodeIgniter\CodeIgniter->run()
 6 SYSTEMPATH\Commands\Server\rewrite.php(47): require_once('C:\\xampp\\htdocs\\CI4B\\public\\index.php')
CRITICAL - 2023-06-07 02:35:27 --> Too few arguments to function App\Models\FilmModel::getDataById(), 0 passed in C:\xampp\htdocs\CI4B\app\Controllers\Film.php on line 32 and exactly 1 expected
in APPPATH\Models\FilmModel.php on line 53.
 1 APPPATH\Controllers\Film.php(32): App\Models\FilmModel->getDataById()
 2 SYSTEMPATH\CodeIgniter.php(934): App\Controllers\Film->file_by_id()
 3 SYSTEMPATH\CodeIgniter.php(499): CodeIgniter\CodeIgniter->runController(Object(App\Controllers\Film))
 4 SYSTEMPATH\CodeIgniter.php(368): CodeIgniter\CodeIgniter->handleRequest(null, Object(Config\Cache), false)
 5 FCPATH\index.php(67): CodeIgniter\CodeIgniter->run()
 6 SYSTEMPATH\Commands\Server\rewrite.php(47): require_once('C:\\xampp\\htdocs\\CI4B\\public\\index.php')
CRITICAL - 2023-06-07 02:35:42 --> Too few arguments to function App\Models\FilmModel::getDataById(), 0 passed in C:\xampp\htdocs\CI4B\app\Controllers\Film.php on line 32 and exactly 1 expected
in APPPATH\Models\FilmModel.php on line 53.
 1 APPPATH\Controllers\Film.php(32): App\Models\FilmModel->getDataById()
 2 SYSTEMPATH\CodeIgniter.php(934): App\Controllers\Film->file_by_id()
 3 SYSTEMPATH\CodeIgniter.php(499): CodeIgniter\CodeIgniter->runController(Object(App\Controllers\Film))
 4 SYSTEMPATH\CodeIgniter.php(368): CodeIgniter\CodeIgniter->handleRequest(null, Object(Config\Cache), false)
 5 FCPATH\index.php(67): CodeIgniter\CodeIgniter->run()
 6 SYSTEMPATH\Commands\Server\rewrite.php(47): require_once('C:\\xampp\\htdocs\\CI4B\\public\\index.php')
ERROR - 2023-06-07 02:37:05 --> mysqli_sql_exception: Unknown column 'tanggal' in 'order clause' in C:\xampp\htdocs\CI4B\vendor\codeigniter4\framework\system\Database\MySQLi\Connection.php:295
Stack trace:
#0 C:\xampp\htdocs\CI4B\vendor\codeigniter4\framework\system\Database\MySQLi\Connection.php(295): mysqli->query('SELECT *\nFROM `...', 0)
#1 C:\xampp\htdocs\CI4B\vendor\codeigniter4\framework\system\Database\BaseConnection.php(692): CodeIgniter\Database\MySQLi\Connection->execute('SELECT *\nFROM `...')
#2 C:\xampp\htdocs\CI4B\vendor\codeigniter4\framework\system\Database\BaseConnection.php(606): CodeIgniter\Database\BaseConnection->simpleQuery('SELECT *\nFROM `...')
#3 C:\xampp\htdocs\CI4B\vendor\codeigniter4\framework\system\Database\BaseBuilder.php(1616): CodeIgniter\Database\BaseConnection->query('SELECT *\nFROM `...', Array, false)
#4 C:\xampp\htdocs\CI4B\vendor\codeigniter4\framework\system\Model.php(241): CodeIgniter\Database\BaseBuilder->get()
#5 C:\xampp\htdocs\CI4B\vendor\codeigniter4\framework\system\BaseModel.php(618): CodeIgniter\Model->doFindAll(0, 0)
#6 C:\xampp\htdocs\CI4B\app\Models\FilmModel.php(62): CodeIgniter\BaseModel->findAll()
#7 C:\xampp\htdocs\CI4B\app\Controllers\Film.php(40): App\Models\FilmModel->getOrderBy()
#8 C:\xampp\htdocs\CI4B\vendor\codeigniter4\framework\system\CodeIgniter.php(934): App\Controllers\Film->film_order()
#9 C:\xampp\htdocs\CI4B\vendor\codeigniter4\framework\system\CodeIgniter.php(499): CodeIgniter\CodeIgniter->runController(Object(App\Controllers\Film))
#10 C:\xampp\htdocs\CI4B\vendor\codeigniter4\framework\system\CodeIgniter.php(368): CodeIgniter\CodeIgniter->handleRequest(NULL, Object(Config\Cache), false)
#11 C:\xampp\htdocs\CI4B\public\index.php(67): CodeIgniter\CodeIgniter->run()
#12 C:\xampp\htdocs\CI4B\vendor\codeigniter4\framework\system\Commands\Server\rewrite.php(47): require_once('C:\\xampp\\htdocs...')
#13 {main}
CRITICAL - 2023-06-07 02:37:05 --> Unknown column 'tanggal' in 'order clause'
in SYSTEMPATH\Database\MySQLi\Connection.php on line 295.
 1 SYSTEMPATH\Database\MySQLi\Connection.php(295): mysqli->query('SELECT *
FROM `film`
ORDER BY `tanggal` DESC', 0)
 2 SYSTEMPATH\Database\BaseConnection.php(692): CodeIgniter\Database\MySQLi\Connection->execute('SELECT *
FROM `film`
ORDER BY `tanggal` DESC')
 3 SYSTEMPATH\Database\BaseConnection.php(606): CodeIgniter\Database\BaseConnection->simpleQuery('SELECT *
FROM `film`
ORDER BY `tanggal` DESC')
 4 SYSTEMPATH\Database\BaseBuilder.php(1616): CodeIgniter\Database\BaseConnection->query('SELECT *
FROM `film`
ORDER BY `tanggal` DESC', [], false)
 5 SYSTEMPATH\Model.php(241): CodeIgniter\Database\BaseBuilder->get()
 6 SYSTEMPATH\BaseModel.php(618): CodeIgniter\Model->doFindAll(0, 0)
 7 APPPATH\Models\FilmModel.php(62): CodeIgniter\BaseModel->findAll()
 8 APPPATH\Controllers\Film.php(40): App\Models\FilmModel->getOrderBy()
 9 SYSTEMPATH\CodeIgniter.php(934): App\Controllers\Film->film_order()
10 SYSTEMPATH\CodeIgniter.php(499): CodeIgniter\CodeIgniter->runController(Object(App\Controllers\Film))
11 SYSTEMPATH\CodeIgniter.php(368): CodeIgniter\CodeIgniter->handleRequest(null, Object(Config\Cache), false)
12 FCPATH\index.php(67): CodeIgniter\CodeIgniter->run()
13 SYSTEMPATH\Commands\Server\rewrite.php(47): require_once('C:\\xampp\\htdocs\\CI4B\\public\\index.php')
ERROR - 2023-06-07 02:38:24 --> mysqli_sql_exception: Unknown column 'tanggal' in 'order clause' in C:\xampp\htdocs\CI4B\vendor\codeigniter4\framework\system\Database\MySQLi\Connection.php:295
Stack trace:
#0 C:\xampp\htdocs\CI4B\vendor\codeigniter4\framework\system\Database\MySQLi\Connection.php(295): mysqli->query('SELECT *\nFROM `...', 0)
#1 C:\xampp\htdocs\CI4B\vendor\codeigniter4\framework\system\Database\BaseConnection.php(692): CodeIgniter\Database\MySQLi\Connection->execute('SELECT *\nFROM `...')
#2 C:\xampp\htdocs\CI4B\vendor\codeigniter4\framework\system\Database\BaseConnection.php(606): CodeIgniter\Database\BaseConnection->simpleQuery('SELECT *\nFROM `...')
#3 C:\xampp\htdocs\CI4B\vendor\codeigniter4\framework\system\Database\BaseBuilder.php(1616): CodeIgniter\Database\BaseConnection->query('SELECT *\nFROM `...', Array, false)
#4 C:\xampp\htdocs\CI4B\vendor\codeigniter4\framework\system\Model.php(241): CodeIgniter\Database\BaseBuilder->get()
#5 C:\xampp\htdocs\CI4B\vendor\codeigniter4\framework\system\BaseModel.php(618): CodeIgniter\Model->doFindAll(0, 0)
#6 C:\xampp\htdocs\CI4B\app\Models\FilmModel.php(62): CodeIgniter\BaseModel->findAll()
#7 C:\xampp\htdocs\CI4B\app\Controllers\Film.php(40): App\Models\FilmModel->getOrderBy()
#8 C:\xampp\htdocs\CI4B\vendor\codeigniter4\framework\system\CodeIgniter.php(934): App\Controllers\Film->film_order()
#9 C:\xampp\htdocs\CI4B\vendor\codeigniter4\framework\system\CodeIgniter.php(499): CodeIgniter\CodeIgniter->runController(Object(App\Controllers\Film))
#10 C:\xampp\htdocs\CI4B\vendor\codeigniter4\framework\system\CodeIgniter.php(368): CodeIgniter\CodeIgniter->handleRequest(NULL, Object(Config\Cache), false)
#11 C:\xampp\htdocs\CI4B\public\index.php(67): CodeIgniter\CodeIgniter->run()
#12 C:\xampp\htdocs\CI4B\vendor\codeigniter4\framework\system\Commands\Server\rewrite.php(47): require_once('C:\\xampp\\htdocs...')
#13 {main}
CRITICAL - 2023-06-07 02:38:24 --> Unknown column 'tanggal' in 'order clause'
in SYSTEMPATH\Database\MySQLi\Connection.php on line 295.
 1 SYSTEMPATH\Database\MySQLi\Connection.php(295): mysqli->query('SELECT *
FROM `film`
ORDER BY `tanggal` DESC', 0)
 2 SYSTEMPATH\Database\BaseConnection.php(692): CodeIgniter\Database\MySQLi\Connection->execute('SELECT *
FROM `film`
ORDER BY `tanggal` DESC')
 3 SYSTEMPATH\Database\BaseConnection.php(606): CodeIgniter\Database\BaseConnection->simpleQuery('SELECT *
FROM `film`
ORDER BY `tanggal` DESC')
 4 SYSTEMPATH\Database\BaseBuilder.php(1616): CodeIgniter\Database\BaseConnection->query('SELECT *
FROM `film`
ORDER BY `tanggal` DESC', [], false)
 5 SYSTEMPATH\Model.php(241): CodeIgniter\Database\BaseBuilder->get()
 6 SYSTEMPATH\BaseModel.php(618): CodeIgniter\Model->doFindAll(0, 0)
 7 APPPATH\Models\FilmModel.php(62): CodeIgniter\BaseModel->findAll()
 8 APPPATH\Controllers\Film.php(40): App\Models\FilmModel->getOrderBy()
 9 SYSTEMPATH\CodeIgniter.php(934): App\Controllers\Film->film_order()
10 SYSTEMPATH\CodeIgniter.php(499): CodeIgniter\CodeIgniter->runController(Object(App\Controllers\Film))
11 SYSTEMPATH\CodeIgniter.php(368): CodeIgniter\CodeIgniter->handleRequest(null, Object(Config\Cache), false)
12 FCPATH\index.php(67): CodeIgniter\CodeIgniter->run()
13 SYSTEMPATH\Commands\Server\rewrite.php(47): require_once('C:\\xampp\\htdocs\\CI4B\\public\\index.php')
CRITICAL - 2023-06-07 03:42:28 --> Undefined variable: Data
in APPPATH\Controllers\Film.php on line 29.
 1 APPPATH\Controllers\Film.php(29): CodeIgniter\Debug\Exceptions->errorHandler(8, 'Undefined variable: Data', 'C:\\xampp\\htdocs\\CI4B\\app\\Controllers\\Film.php', 29, [...])
 2 SYSTEMPATH\CodeIgniter.php(934): App\Controllers\Film->all()
 3 SYSTEMPATH\CodeIgniter.php(499): CodeIgniter\CodeIgniter->runController(Object(App\Controllers\Film))
 4 SYSTEMPATH\CodeIgniter.php(368): CodeIgniter\CodeIgniter->handleRequest(null, Object(Config\Cache), false)
 5 FCPATH\index.php(67): CodeIgniter\CodeIgniter->run()
 6 SYSTEMPATH\Commands\Server\rewrite.php(47): require_once('C:\\xampp\\htdocs\\CI4B\\public\\index.php')
CRITICAL - 2023-06-07 03:43:24 --> Undefined variable: Data
in APPPATH\Controllers\Film.php on line 29.
 1 APPPATH\Controllers\Film.php(29): CodeIgniter\Debug\Exceptions->errorHandler(8, 'Undefined variable: Data', 'C:\\xampp\\htdocs\\CI4B\\app\\Controllers\\Film.php', 29, [...])
 2 SYSTEMPATH\CodeIgniter.php(934): App\Controllers\Film->all()
 3 SYSTEMPATH\CodeIgniter.php(499): CodeIgniter\CodeIgniter->runController(Object(App\Controllers\Film))
 4 SYSTEMPATH\CodeIgniter.php(368): CodeIgniter\CodeIgniter->handleRequest(null, Object(Config\Cache), false)
 5 FCPATH\index.php(67): CodeIgniter\CodeIgniter->run()
 6 SYSTEMPATH\Commands\Server\rewrite.php(47): require_once('C:\\xampp\\htdocs\\CI4B\\public\\index.php')
CRITICAL - 2023-06-07 03:43:26 --> Undefined variable: Data
in APPPATH\Controllers\Film.php on line 29.
 1 APPPATH\Controllers\Film.php(29): CodeIgniter\Debug\Exceptions->errorHandler(8, 'Undefined variable: Data', 'C:\\xampp\\htdocs\\CI4B\\app\\Controllers\\Film.php', 29, [...])
 2 SYSTEMPATH\CodeIgniter.php(934): App\Controllers\Film->all()
 3 SYSTEMPATH\CodeIgniter.php(499): CodeIgniter\CodeIgniter->runController(Object(App\Controllers\Film))
 4 SYSTEMPATH\CodeIgniter.php(368): CodeIgniter\CodeIgniter->handleRequest(null, Object(Config\Cache), false)
 5 FCPATH\index.php(67): CodeIgniter\CodeIgniter->run()
 6 SYSTEMPATH\Commands\Server\rewrite.php(47): require_once('C:\\xampp\\htdocs\\CI4B\\public\\index.php')
CRITICAL - 2023-06-07 03:43:28 --> Undefined variable: Data
in APPPATH\Controllers\Film.php on line 29.
 1 APPPATH\Controllers\Film.php(29): CodeIgniter\Debug\Exceptions->errorHandler(8, 'Undefined variable: Data', 'C:\\xampp\\htdocs\\CI4B\\app\\Controllers\\Film.php', 29, [...])
 2 SYSTEMPATH\CodeIgniter.php(934): App\Controllers\Film->all()
 3 SYSTEMPATH\CodeIgniter.php(499): CodeIgniter\CodeIgniter->runController(Object(App\Controllers\Film))
 4 SYSTEMPATH\CodeIgniter.php(368): CodeIgniter\CodeIgniter->handleRequest(null, Object(Config\Cache), false)
 5 FCPATH\index.php(67): CodeIgniter\CodeIgniter->run()
 6 SYSTEMPATH\Commands\Server\rewrite.php(47): require_once('C:\\xampp\\htdocs\\CI4B\\public\\index.php')
